2026-02-07 16:50:17.369 
            INFO  
            [main] 
            BaseClass.setup:30 - 
            Setup for LoginPageTest started.
2026-02-07 16:50:17.374 
            INFO  
            [main] 
            BaseClass.setup:31 - 
            Setting up webdriver for: LoginPageTest
2026-02-07 16:50:31.374 
            INFO  
            [main] 
            ActionDriver.<init>:26 - 
            Constructor of action driver class
2026-02-07 16:50:31.377 
            INFO  
            [main] 
            ActionDriver.<init>:26 - 
            Constructor of action driver class
2026-02-07 16:50:32.639 
            INFO  
            [main] 
            ActionDriver.enterText:84 - 
            Entered text on Element with name: username: admin
2026-02-07 16:50:32.852 
            INFO  
            [main] 
            ActionDriver.enterText:84 - 
            Entered text on Element with name: password: admin
2026-02-07 16:50:34.423 
            INFO  
            [main] 
            ActionDriver.click:71 - 
            Clicked on: Element with text: Login
2026-02-07 16:50:34.988 
            INFO  
            [main] 
            ActionDriver.isDisplayed:121 - 
            Displayed on DOM: Element with text: Invalid credentials
2026-02-07 16:50:35.006 
            INFO  
            [main] 
            BaseClass.test002_invalidCredentials:47 - 
            Error message displayed
2026-02-07 16:50:35.055 
            INFO  
            [main] 
            ActionDriver.waitForPageLoad:58 - 
            Page loaded successfully.
2026-02-07 16:50:35.429 
            INFO  
            [main] 
            BaseClass.tearDown:85 - 
            WebDriver instance closed.
2026-02-07 16:50:35.476 
            INFO  
            [main] 
            BaseClass.setup:30 - 
            Setup for LoginPageTest started.
2026-02-07 16:50:35.478 
            INFO  
            [main] 
            BaseClass.setup:31 - 
            Setting up webdriver for: LoginPageTest
2026-02-07 16:50:47.555 
            INFO  
            [main] 
            ActionDriver.<init>:26 - 
            Constructor of action driver class
2026-02-07 16:50:47.556 
            INFO  
            [main] 
            ActionDriver.<init>:26 - 
            Constructor of action driver class
2026-02-07 16:50:48.634 
            INFO  
            [main] 
            ActionDriver.enterText:84 - 
            Entered text on Element with name: username: admin
2026-02-07 16:50:48.827 
            INFO  
            [main] 
            ActionDriver.enterText:84 - 
            Entered text on Element with name: password: admin
2026-02-07 16:50:48.997 
            INFO  
            [main] 
            ActionDriver.click:71 - 
            Clicked on: Element with text: Login
2026-02-07 16:50:51.281 
            INFO  
            [main] 
            ActionDriver.isDisplayed:121 - 
            Displayed on DOM: Element with text: Invalid credentials
2026-02-07 16:50:51.300 
            INFO  
            [main] 
            BaseClass.test002_invalidCredentials:47 - 
            Error message displayed
2026-02-07 16:50:51.343 
            INFO  
            [main] 
            ActionDriver.waitForPageLoad:58 - 
            Page loaded successfully.
2026-02-07 16:50:51.597 
            INFO  
            [main] 
            BaseClass.tearDown:85 - 
            WebDriver instance closed.
2026-02-07 16:50:51.600 
            INFO  
            [main] 
            BaseClass.setup:30 - 
            Setup for HomePageTest started.
2026-02-07 16:50:51.600 
            INFO  
            [main] 
            BaseClass.setup:31 - 
            Setting up webdriver for: HomePageTest
2026-02-07 16:51:01.277 
            INFO  
            [main] 
            ActionDriver.<init>:26 - 
            Constructor of action driver class
2026-02-07 16:51:01.279 
            INFO  
            [main] 
            ActionDriver.<init>:26 - 
            Constructor of action driver class
2026-02-07 16:51:02.457 
            INFO  
            [main] 
            ActionDriver.enterText:84 - 
            Entered text on Element with name: username: Admin
2026-02-07 16:51:02.701 
            INFO  
            [main] 
            ActionDriver.enterText:84 - 
            Entered text on Element with name: password: admin123
2026-02-07 16:51:02.900 
            INFO  
            [main] 
            ActionDriver.click:71 - 
            Clicked on: Element with text: Login
2026-02-07 16:51:05.221 
            INFO  
            [main] 
            ActionDriver.isDisplayed:121 - 
            Displayed on DOM: Element with class name: oxd-brand-banner
2026-02-07 16:51:05.569 
            INFO  
            [main] 
            BaseClass.tearDown:85 - 
            WebDriver instance closed.
2026-02-07 16:52:01.442 INFO  [main] BaseClass.setup:30 - Setup for LoginPageTest started.
2026-02-07 16:52:01.447 INFO  [main] BaseClass.setup:31 - Setting up webdriver for: LoginPageTest
2026-02-07 16:52:16.906 INFO  [main] ActionDriver.<init>:26 - Constructor of action driver class
2026-02-07 16:52:16.910 INFO  [main] ActionDriver.<init>:26 - Constructor of action driver class
2026-02-07 16:52:18.010 INFO  [main] ActionDriver.enterText:84 - Entered text on Element with name: username: admin
2026-02-07 16:52:18.204 INFO  [main] ActionDriver.enterText:84 - Entered text on Element with name: password: admin
2026-02-07 16:52:18.343 INFO  [main] ActionDriver.click:71 - Clicked on: Element with text: Login
2026-02-07 16:52:20.513 INFO  [main] ActionDriver.isDisplayed:121 - Displayed on DOM: Element with text: Invalid credentials
2026-02-07 16:52:20.537 INFO  [main] BaseClass.test002_invalidCredentials:47 - Error message displayed
2026-02-07 16:52:20.585 INFO  [main] ActionDriver.waitForPageLoad:58 - Page loaded successfully.
2026-02-07 16:52:20.880 INFO  [main] BaseClass.tearDown:85 - WebDriver instance closed.
2026-02-07 16:52:20.925 INFO  [main] BaseClass.setup:30 - Setup for LoginPageTest started.
2026-02-07 16:52:20.926 INFO  [main] BaseClass.setup:31 - Setting up webdriver for: LoginPageTest
2026-02-07 16:52:32.757 INFO  [main] ActionDriver.<init>:26 - Constructor of action driver class
2026-02-07 16:52:32.759 INFO  [main] ActionDriver.<init>:26 - Constructor of action driver class
2026-02-07 16:52:34.735 INFO  [main] ActionDriver.enterText:84 - Entered text on Element with name: username: admin
2026-02-07 16:52:34.890 INFO  [main] ActionDriver.enterText:84 - Entered text on Element with name: password: admin
2026-02-07 16:52:35.051 INFO  [main] ActionDriver.click:71 - Clicked on: Element with text: Login
2026-02-07 16:52:38.268 INFO  [main] ActionDriver.isDisplayed:121 - Displayed on DOM: Element with text: Invalid credentials
2026-02-07 16:52:38.292 INFO  [main] BaseClass.test002_invalidCredentials:47 - Error message displayed
2026-02-07 16:52:38.350 INFO  [main] ActionDriver.waitForPageLoad:58 - Page loaded successfully.
2026-02-07 16:52:39.543 INFO  [main] BaseClass.tearDown:85 - WebDriver instance closed.
2026-02-07 16:52:39.546 INFO  [main] BaseClass.setup:30 - Setup for HomePageTest started.
2026-02-07 16:52:39.546 INFO  [main] BaseClass.setup:31 - Setting up webdriver for: HomePageTest
2026-02-07 16:52:56.033 INFO  [main] ActionDriver.<init>:26 - Constructor of action driver class
2026-02-07 16:52:56.034 INFO  [main] ActionDriver.<init>:26 - Constructor of action driver class
2026-02-07 16:52:58.402 INFO  [main] ActionDriver.enterText:84 - Entered text on Element with name: username: Admin
2026-02-07 16:52:58.545 INFO  [main] ActionDriver.enterText:84 - Entered text on Element with name: password: admin123
2026-02-07 16:52:58.671 INFO  [main] ActionDriver.click:71 - Clicked on: Element with text: Login
2026-02-07 16:53:02.150 INFO  [main] ActionDriver.isDisplayed:121 - Displayed on DOM: Element with class name: oxd-brand-banner
2026-02-07 16:53:02.487 INFO  [main] BaseClass.tearDown:85 - WebDriver instance closed.
2026-02-07 20:16:56.578 INFO  [main] BaseClass.loadConfig:44 - config.properties loaded
2026-02-07 20:16:56.997 INFO  [main] BaseClass.setup:30 - Setup for LoginPageTest started.
2026-02-07 20:16:56.999 INFO  [main] BaseClass.setup:31 - Setting up webdriver for: LoginPageTest
2026-02-07 20:17:20.075 INFO  [main] LoginPageTest.setupPages:22 - Constructor for LoginPageTest called
2026-02-07 20:17:20.142 INFO  [main] ActionDriver.<init>:27 - Constructor of action driver class
2026-02-07 20:17:20.144 INFO  [main] ActionDriver.<init>:27 - Constructor of action driver class
2026-02-07 20:17:20.185 INFO  [main] LoginPageTest.test001_verfiyValidLogin:30 - TestCase002: Verify valid credentials login
2026-02-07 20:17:20.186 INFO  [main] LoginPageTest.test001_verfiyValidLogin:32 - Performing login action using valid credentials
2026-02-07 20:17:20.186 INFO  [main] LoginPage.login:27 - Performing login operation
2026-02-07 20:17:22.718 INFO  [main] ActionDriver.enterText:87 - Entered text on Element with name: username: Admin
2026-02-07 20:17:22.925 INFO  [main] ActionDriver.enterText:87 - Entered text on Element with name: password: admin123
2026-02-07 20:17:23.170 INFO  [main] ActionDriver.click:73 - Clicked on: Element with text: Login
2026-02-07 20:17:23.171 INFO  [main] LoginPageTest.test001_verfiyValidLogin:36 - Checking if admin tab is visible or not
2026-02-07 20:17:23.171 INFO  [main] HomePage.isAdminTabVisible:30 - Checking if admin tab is visible
2026-02-07 20:17:26.820 INFO  [main] ActionDriver.isDisplayed:125 - Displayed on DOM: Element with text: Admin
2026-02-07 20:17:26.840 INFO  [main] LoginPageTest.test001_verfiyValidLogin:39 - Admin tab is visible
2026-02-07 20:17:26.840 INFO  [main] LoginPageTest.test001_verfiyValidLogin:42 - Performing log out operation.
2026-02-07 20:17:26.841 INFO  [main] HomePage.logout:42 - Performing out opreation
2026-02-07 20:17:26.841 INFO  [main] HomePage.logout:43 - Clicking on logout button
2026-02-07 20:17:27.011 INFO  [main] ActionDriver.click:73 - Clicked on: Element with text: Teste nome teste sobrenome
2026-02-07 20:17:31.546 INFO  [main] ActionDriver.click:73 - Clicked on: Element with class name: oxd-userdropdown-link
2026-02-07 20:17:31.557 INFO  [main] ActionDriver.waitForPageLoad:59 - Page loaded successfully.
2026-02-07 20:17:32.444 INFO  [main] BaseClass.tearDown:92 - WebDriver instance closed.
2026-02-07 20:17:32.454 INFO  [main] BaseClass.setup:30 - Setup for LoginPageTest started.
2026-02-07 20:17:32.454 INFO  [main] BaseClass.setup:31 - Setting up webdriver for: LoginPageTest
2026-02-07 20:17:48.634 INFO  [main] LoginPageTest.setupPages:22 - Constructor for LoginPageTest called
2026-02-07 20:17:48.635 INFO  [main] ActionDriver.<init>:27 - Constructor of action driver class
2026-02-07 20:17:48.636 INFO  [main] ActionDriver.<init>:27 - Constructor of action driver class
2026-02-07 20:17:48.640 INFO  [main] LoginPageTest.test002_invalidCredentials:53 - TestCase003: Verify login with invalid credentials.
2026-02-07 20:17:48.640 INFO  [main] LoginPageTest.test002_invalidCredentials:55 - Performing login operation with invalid credentials
2026-02-07 20:17:48.640 INFO  [main] LoginPage.login:27 - Performing login operation
2026-02-07 20:17:50.099 INFO  [main] ActionDriver.enterText:87 - Entered text on Element with name: username: admin
2026-02-07 20:17:50.287 INFO  [main] ActionDriver.enterText:87 - Entered text on Element with name: password: admin
2026-02-07 20:17:50.415 INFO  [main] ActionDriver.click:73 - Clicked on: Element with text: Login
2026-02-07 20:17:50.415 INFO  [main] LoginPageTest.test002_invalidCredentials:59 - Checking if the error message is displayed on login page.
2026-02-07 20:17:50.415 INFO  [main] LoginPage.isErrorMessageDisplayed:35 - Validating an error message is displayed or not.
2026-02-07 20:17:53.277 INFO  [main] ActionDriver.isDisplayed:125 - Displayed on DOM: Element with text: Invalid credentials
2026-02-07 20:17:53.318 INFO  [main] LoginPageTest.test002_invalidCredentials:61 - Error message displayed
2026-02-07 20:17:53.318 INFO  [main] LoginPageTest.test002_invalidCredentials:64 - Checking if correct error message is displayed on the screen.
2026-02-07 20:17:53.319 INFO  [main] LoginPage.getErrorMessageText:41 - Getting error message text
2026-02-07 20:17:53.355 INFO  [main] LoginPageTest.test002_invalidCredentials:66 - Correct error messaeg displayed.
2026-02-07 20:17:53.355 INFO  [main] LoginPageTest.test002_invalidCredentials:69 - Checking title of current page to verify still present on login page.
2026-02-07 20:17:53.363 INFO  [main] ActionDriver.waitForPageLoad:59 - Page loaded successfully.
2026-02-07 20:17:53.370 INFO  [main] LoginPageTest.test002_invalidCredentials:71 - Successfully verified login page title.
2026-02-07 20:17:53.741 INFO  [main] BaseClass.tearDown:92 - WebDriver instance closed.
2026-02-07 20:17:53.787 INFO  [main] BaseClass.setup:30 - Setup for LoginPageTest started.
2026-02-07 20:17:53.788 INFO  [main] BaseClass.setup:31 - Setting up webdriver for: LoginPageTest
2026-02-07 20:18:03.003 INFO  [main] LoginPageTest.setupPages:22 - Constructor for LoginPageTest called
2026-02-07 20:18:03.005 INFO  [main] ActionDriver.<init>:27 - Constructor of action driver class
2026-02-07 20:18:03.006 INFO  [main] ActionDriver.<init>:27 - Constructor of action driver class
2026-02-07 20:18:03.012 INFO  [main] LoginPageTest.test001_verfiyValidLogin:30 - TestCase002: Verify valid credentials login
2026-02-07 20:18:03.013 INFO  [main] LoginPageTest.test001_verfiyValidLogin:32 - Performing login action using valid credentials
2026-02-07 20:18:03.014 INFO  [main] LoginPage.login:27 - Performing login operation
2026-02-07 20:18:03.999 INFO  [main] ActionDriver.enterText:87 - Entered text on Element with name: username: Admin
2026-02-07 20:18:04.221 INFO  [main] ActionDriver.enterText:87 - Entered text on Element with name: password: admin123
2026-02-07 20:18:04.383 INFO  [main] ActionDriver.click:73 - Clicked on: Element with text: Login
2026-02-07 20:18:04.384 INFO  [main] LoginPageTest.test001_verfiyValidLogin:36 - Checking if admin tab is visible or not
2026-02-07 20:18:04.384 INFO  [main] HomePage.isAdminTabVisible:30 - Checking if admin tab is visible
2026-02-07 20:18:07.375 INFO  [main] ActionDriver.isDisplayed:125 - Displayed on DOM: Element with text: Admin
2026-02-07 20:18:07.395 INFO  [main] LoginPageTest.test001_verfiyValidLogin:39 - Admin tab is visible
2026-02-07 20:18:07.396 INFO  [main] LoginPageTest.test001_verfiyValidLogin:42 - Performing log out operation.
2026-02-07 20:18:07.396 INFO  [main] HomePage.logout:42 - Performing out opreation
2026-02-07 20:18:07.397 INFO  [main] HomePage.logout:43 - Clicking on logout button
2026-02-07 20:18:07.537 INFO  [main] ActionDriver.click:73 - Clicked on: Element with text: Teste nome teste sobrenome
2026-02-07 20:18:11.428 INFO  [main] ActionDriver.click:73 - Clicked on: Element with class name: oxd-userdropdown-link
2026-02-07 20:18:11.435 INFO  [main] ActionDriver.waitForPageLoad:59 - Page loaded successfully.
2026-02-07 20:18:11.917 INFO  [main] BaseClass.tearDown:92 - WebDriver instance closed.
2026-02-07 20:18:11.919 INFO  [main] BaseClass.setup:30 - Setup for LoginPageTest started.
2026-02-07 20:18:11.919 INFO  [main] BaseClass.setup:31 - Setting up webdriver for: LoginPageTest
2026-02-07 20:18:34.866 INFO  [main] LoginPageTest.setupPages:22 - Constructor for LoginPageTest called
2026-02-07 20:18:34.866 INFO  [main] ActionDriver.<init>:27 - Constructor of action driver class
2026-02-07 20:18:34.866 INFO  [main] ActionDriver.<init>:27 - Constructor of action driver class
2026-02-07 20:18:34.869 INFO  [main] LoginPageTest.test002_invalidCredentials:53 - TestCase003: Verify login with invalid credentials.
2026-02-07 20:18:34.869 INFO  [main] LoginPageTest.test002_invalidCredentials:55 - Performing login operation with invalid credentials
2026-02-07 20:18:34.870 INFO  [main] LoginPage.login:27 - Performing login operation
2026-02-07 20:18:36.657 INFO  [main] ActionDriver.enterText:87 - Entered text on Element with name: username: admin
2026-02-07 20:18:36.876 INFO  [main] ActionDriver.enterText:87 - Entered text on Element with name: password: admin
2026-02-07 20:18:37.030 INFO  [main] ActionDriver.click:73 - Clicked on: Element with text: Login
2026-02-07 20:18:37.031 INFO  [main] LoginPageTest.test002_invalidCredentials:59 - Checking if the error message is displayed on login page.
2026-02-07 20:18:37.031 INFO  [main] LoginPage.isErrorMessageDisplayed:35 - Validating an error message is displayed or not.
2026-02-07 20:18:39.486 INFO  [main] ActionDriver.isDisplayed:125 - Displayed on DOM: Element with text: Invalid credentials
2026-02-07 20:18:39.508 INFO  [main] LoginPageTest.test002_invalidCredentials:61 - Error message displayed
2026-02-07 20:18:39.509 INFO  [main] LoginPageTest.test002_invalidCredentials:64 - Checking if correct error message is displayed on the screen.
2026-02-07 20:18:39.509 INFO  [main] LoginPage.getErrorMessageText:41 - Getting error message text
2026-02-07 20:18:39.541 INFO  [main] LoginPageTest.test002_invalidCredentials:66 - Correct error messaeg displayed.
2026-02-07 20:18:39.542 INFO  [main] LoginPageTest.test002_invalidCredentials:69 - Checking title of current page to verify still present on login page.
2026-02-07 20:18:39.549 INFO  [main] ActionDriver.waitForPageLoad:59 - Page loaded successfully.
2026-02-07 20:18:39.558 INFO  [main] LoginPageTest.test002_invalidCredentials:71 - Successfully verified login page title.
2026-02-07 20:18:39.984 INFO  [main] BaseClass.tearDown:92 - WebDriver instance closed.
2026-02-07 20:18:39.987 INFO  [main] BaseClass.setup:30 - Setup for HomePageTest started.
2026-02-07 20:18:39.988 INFO  [main] BaseClass.setup:31 - Setting up webdriver for: HomePageTest
2026-02-07 20:19:02.553 INFO  [main] HomePageTest.setupPages:22 - HomePageTest constructor called.
2026-02-07 20:19:02.555 INFO  [main] ActionDriver.<init>:27 - Constructor of action driver class
2026-02-07 20:19:02.555 INFO  [main] ActionDriver.<init>:27 - Constructor of action driver class
2026-02-07 20:19:02.559 INFO  [main] HomePageTest.verifyOrangeHRMLogo:31 - TestCase001: verifyOrangeHRMLogo   
2026-02-07 20:19:02.559 INFO  [main] HomePageTest.verifyOrangeHRMLogo:32 - Performing login operation.
2026-02-07 20:19:02.559 INFO  [main] LoginPage.login:27 - Performing login operation
2026-02-07 20:19:05.046 INFO  [main] ActionDriver.enterText:87 - Entered text on Element with name: username: Admin
2026-02-07 20:19:05.312 INFO  [main] ActionDriver.enterText:87 - Entered text on Element with name: password: admin123
2026-02-07 20:19:10.523 INFO  [main] ActionDriver.click:73 - Clicked on: Element with text: Login
2026-02-07 20:19:10.524 INFO  [main] HomePageTest.verifyOrangeHRMLogo:36 - Checking if logo of OrangeHRM is displayed or not
2026-02-07 20:19:10.524 INFO  [main] HomePage.isLogoDisplayed:36 - Checking if OrangeHRM logo is displayed correctly.
2026-02-07 20:19:11.766 INFO  [main] ActionDriver.isDisplayed:125 - Displayed on DOM: Element with class name: oxd-brand-banner
2026-02-07 20:19:12.179 INFO  [main] BaseClass.tearDown:92 - WebDriver instance closed.
2026-02-07 20:20:57.420 INFO  [main] BaseClass.loadConfig:44 - config.properties loaded
2026-02-07 20:20:57.726 INFO  [main] BaseClass.setup:30 - Setup for LoginPageTest started.
2026-02-07 20:20:57.729 INFO  [main] BaseClass.setup:31 - Setting up webdriver for: LoginPageTest
2026-02-07 20:21:11.130 INFO  [main] LoginPageTest.setupPages:22 - Constructor for LoginPageTest called
2026-02-07 20:21:11.143 INFO  [main] ActionDriver.<init>:27 - Constructor of action driver class
2026-02-07 20:21:11.144 INFO  [main] ActionDriver.<init>:27 - Constructor of action driver class
2026-02-07 20:21:11.163 INFO  [main] LoginPageTest.test001_verfiyValidLogin:30 - TestCase002: Verify valid credentials login
2026-02-07 20:21:11.164 INFO  [main] LoginPageTest.test001_verfiyValidLogin:32 - Performing login action using valid credentials
2026-02-07 20:21:11.165 INFO  [main] LoginPage.login:27 - Performing login operation
2026-02-07 20:21:12.650 INFO  [main] ActionDriver.enterText:87 - Entered text on Element with name: username: Admin
2026-02-07 20:21:12.851 INFO  [main] ActionDriver.enterText:87 - Entered text on Element with name: password: admin123
2026-02-07 20:21:13.016 INFO  [main] ActionDriver.click:73 - Clicked on: Element with text: Login
2026-02-07 20:21:13.017 INFO  [main] LoginPageTest.test001_verfiyValidLogin:36 - Checking if admin tab is visible or not
2026-02-07 20:21:13.017 INFO  [main] HomePage.isAdminTabVisible:30 - Checking if admin tab is visible
2026-02-07 20:21:15.839 INFO  [main] ActionDriver.isDisplayed:125 - Displayed on DOM: Element with text: Admin
2026-02-07 20:21:15.884 INFO  [main] LoginPageTest.test001_verfiyValidLogin:39 - Admin tab is visible
2026-02-07 20:21:15.884 INFO  [main] LoginPageTest.test001_verfiyValidLogin:42 - Performing log out operation.
2026-02-07 20:21:15.885 INFO  [main] HomePage.logout:42 - Performing out opreation
2026-02-07 20:21:15.886 INFO  [main] HomePage.logout:43 - Clicking on logout button
2026-02-07 20:21:16.087 INFO  [main] ActionDriver.click:73 - Clicked on: Element with text: Teste nome teste sobrenome
2026-02-07 20:21:20.740 INFO  [main] ActionDriver.click:73 - Clicked on: Element with text: Logout
2026-02-07 20:21:20.750 INFO  [main] ActionDriver.waitForPageLoad:59 - Page loaded successfully.
2026-02-07 20:21:21.575 INFO  [main] BaseClass.tearDown:92 - WebDriver instance closed.
2026-02-07 20:21:21.578 INFO  [main] BaseClass.setup:30 - Setup for LoginPageTest started.
2026-02-07 20:21:21.579 INFO  [main] BaseClass.setup:31 - Setting up webdriver for: LoginPageTest
2026-02-07 20:21:41.265 INFO  [main] LoginPageTest.setupPages:22 - Constructor for LoginPageTest called
2026-02-07 20:21:41.267 INFO  [main] ActionDriver.<init>:27 - Constructor of action driver class
2026-02-07 20:21:41.268 INFO  [main] ActionDriver.<init>:27 - Constructor of action driver class
2026-02-07 20:21:41.274 INFO  [main] LoginPageTest.test002_invalidCredentials:53 - TestCase003: Verify login with invalid credentials.
2026-02-07 20:21:41.274 INFO  [main] LoginPageTest.test002_invalidCredentials:55 - Performing login operation with invalid credentials
2026-02-07 20:21:41.275 INFO  [main] LoginPage.login:27 - Performing login operation
2026-02-07 20:21:43.320 INFO  [main] ActionDriver.enterText:87 - Entered text on Element with name: username: admin
2026-02-07 20:21:43.574 INFO  [main] ActionDriver.enterText:87 - Entered text on Element with name: password: admin
2026-02-07 20:21:43.739 INFO  [main] ActionDriver.click:73 - Clicked on: Element with text: Login
2026-02-07 20:21:43.739 INFO  [main] LoginPageTest.test002_invalidCredentials:59 - Checking if the error message is displayed on login page.
2026-02-07 20:21:43.740 INFO  [main] LoginPage.isErrorMessageDisplayed:35 - Validating an error message is displayed or not.
2026-02-07 20:21:46.414 INFO  [main] ActionDriver.isDisplayed:125 - Displayed on DOM: Element with text: Invalid credentials
2026-02-07 20:21:46.437 INFO  [main] LoginPageTest.test002_invalidCredentials:61 - Error message displayed
2026-02-07 20:21:46.438 INFO  [main] LoginPageTest.test002_invalidCredentials:64 - Checking if correct error message is displayed on the screen.
2026-02-07 20:21:46.438 INFO  [main] LoginPage.getErrorMessageText:41 - Getting error message text
2026-02-07 20:21:46.484 INFO  [main] LoginPageTest.test002_invalidCredentials:66 - Correct error messaeg displayed.
2026-02-07 20:21:46.485 INFO  [main] LoginPageTest.test002_invalidCredentials:69 - Checking title of current page to verify still present on login page.
2026-02-07 20:21:46.493 INFO  [main] ActionDriver.waitForPageLoad:59 - Page loaded successfully.
2026-02-07 20:21:46.503 INFO  [main] LoginPageTest.test002_invalidCredentials:71 - Successfully verified login page title.
2026-02-07 20:21:47.894 INFO  [main] BaseClass.tearDown:92 - WebDriver instance closed.
2026-02-07 20:21:47.898 INFO  [main] BaseClass.setup:30 - Setup for HomePageTest started.
2026-02-07 20:21:47.898 INFO  [main] BaseClass.setup:31 - Setting up webdriver for: HomePageTest
2026-02-07 20:22:02.611 INFO  [main] HomePageTest.setupPages:22 - HomePageTest constructor called.
2026-02-07 20:22:02.615 INFO  [main] ActionDriver.<init>:27 - Constructor of action driver class
2026-02-07 20:22:02.616 INFO  [main] ActionDriver.<init>:27 - Constructor of action driver class
2026-02-07 20:22:02.618 INFO  [main] HomePageTest.verifyOrangeHRMLogo:31 - TestCase001: verifyOrangeHRMLogo   
2026-02-07 20:22:02.619 INFO  [main] HomePageTest.verifyOrangeHRMLogo:32 - Performing login operation.
2026-02-07 20:22:02.619 INFO  [main] LoginPage.login:27 - Performing login operation
2026-02-07 20:22:03.899 INFO  [main] ActionDriver.enterText:87 - Entered text on Element with name: username: Admin
2026-02-07 20:22:04.346 INFO  [main] ActionDriver.enterText:87 - Entered text on Element with name: password: admin123
2026-02-07 20:22:04.482 INFO  [main] ActionDriver.click:73 - Clicked on: Element with text: Login
2026-02-07 20:22:04.482 INFO  [main] HomePageTest.verifyOrangeHRMLogo:36 - Checking if logo of OrangeHRM is displayed or not
2026-02-07 20:22:04.483 INFO  [main] HomePage.isLogoDisplayed:36 - Checking if OrangeHRM logo is displayed correctly.
2026-02-07 20:22:07.718 INFO  [main] ActionDriver.isDisplayed:125 - Displayed on DOM: Element with class name: oxd-brand-banner
2026-02-07 20:22:08.105 INFO  [main] BaseClass.tearDown:92 - WebDriver instance closed.
2026-02-07 20:23:46.269 INFO  [main] BaseClass.loadConfig:44 - config.properties loaded
2026-02-07 20:23:46.618 INFO  [main] BaseClass.setup:30 - Setup for LoginPageTest started.
2026-02-07 20:23:46.621 INFO  [main] BaseClass.setup:31 - Setting up webdriver for: LoginPageTest
2026-02-07 20:24:07.914 INFO  [main] LoginPageTest.setupPages:22 - Constructor for LoginPageTest called
2026-02-07 20:24:07.926 INFO  [main] ActionDriver.<init>:27 - Constructor of action driver class
2026-02-07 20:24:07.929 INFO  [main] ActionDriver.<init>:27 - Constructor of action driver class
2026-02-07 20:24:07.957 INFO  [main] LoginPageTest.test001_verfiyValidLogin:30 - TestCase002: Verify valid credentials login
2026-02-07 20:24:07.959 INFO  [main] LoginPageTest.test001_verfiyValidLogin:32 - Performing login action using valid credentials
2026-02-07 20:24:07.960 INFO  [main] LoginPage.login:27 - Performing login operation
2026-02-07 20:24:10.304 INFO  [main] ActionDriver.enterText:87 - Entered text on Element with name: username: Admin
2026-02-07 20:24:10.535 INFO  [main] ActionDriver.enterText:87 - Entered text on Element with name: password: admin123
2026-02-07 20:24:10.741 INFO  [main] ActionDriver.click:73 - Clicked on: Element with text: Login
2026-02-07 20:24:10.743 INFO  [main] LoginPageTest.test001_verfiyValidLogin:36 - Checking if admin tab is visible or not
2026-02-07 20:24:10.744 INFO  [main] HomePage.isAdminTabVisible:30 - Checking if admin tab is visible
2026-02-07 20:24:13.859 INFO  [main] ActionDriver.isDisplayed:125 - Displayed on DOM: Element with text: Admin
2026-02-07 20:24:13.891 INFO  [main] LoginPageTest.test001_verfiyValidLogin:39 - Admin tab is visible
2026-02-07 20:24:13.891 INFO  [main] LoginPageTest.test001_verfiyValidLogin:42 - Performing log out operation.
2026-02-07 20:24:13.892 INFO  [main] HomePage.logout:42 - Performing out opreation
2026-02-07 20:24:13.893 INFO  [main] HomePage.logout:43 - Clicking on logout button
2026-02-07 20:24:14.109 INFO  [main] ActionDriver.click:73 - Clicked on: Element with text: Teste nome teste sobrenome
2026-02-07 20:24:16.863 INFO  [main] ActionDriver.click:73 - Clicked on: Element with class name: oxd-userdropdown-link
2026-02-07 20:24:16.880 INFO  [main] ActionDriver.waitForPageLoad:59 - Page loaded successfully.
2026-02-07 20:24:17.675 INFO  [main] BaseClass.tearDown:92 - WebDriver instance closed.
2026-02-07 20:24:17.680 INFO  [main] BaseClass.setup:30 - Setup for LoginPageTest started.
2026-02-07 20:24:17.680 INFO  [main] BaseClass.setup:31 - Setting up webdriver for: LoginPageTest
2026-02-07 20:24:28.842 INFO  [main] LoginPageTest.setupPages:22 - Constructor for LoginPageTest called
2026-02-07 20:24:28.843 INFO  [main] ActionDriver.<init>:27 - Constructor of action driver class
2026-02-07 20:24:28.843 INFO  [main] ActionDriver.<init>:27 - Constructor of action driver class
2026-02-07 20:24:28.846 INFO  [main] LoginPageTest.test002_invalidCredentials:53 - TestCase003: Verify login with invalid credentials.
2026-02-07 20:24:28.847 INFO  [main] LoginPageTest.test002_invalidCredentials:55 - Performing login operation with invalid credentials
2026-02-07 20:24:28.849 INFO  [main] LoginPage.login:27 - Performing login operation
2026-02-07 20:24:29.984 INFO  [main] ActionDriver.enterText:87 - Entered text on Element with name: username: admin
2026-02-07 20:24:30.201 INFO  [main] ActionDriver.enterText:87 - Entered text on Element with name: password: admin
2026-02-07 20:24:30.369 INFO  [main] ActionDriver.click:73 - Clicked on: Element with text: Login
2026-02-07 20:24:30.370 INFO  [main] LoginPageTest.test002_invalidCredentials:59 - Checking if the error message is displayed on login page.
2026-02-07 20:24:30.370 INFO  [main] LoginPage.isErrorMessageDisplayed:35 - Validating an error message is displayed or not.
2026-02-07 20:24:32.628 INFO  [main] ActionDriver.isDisplayed:125 - Displayed on DOM: Element with text: Invalid credentials
2026-02-07 20:24:32.649 INFO  [main] LoginPageTest.test002_invalidCredentials:61 - Error message displayed
2026-02-07 20:24:32.649 INFO  [main] LoginPageTest.test002_invalidCredentials:64 - Checking if correct error message is displayed on the screen.
2026-02-07 20:24:32.650 INFO  [main] LoginPage.getErrorMessageText:41 - Getting error message text
2026-02-07 20:24:32.690 INFO  [main] LoginPageTest.test002_invalidCredentials:66 - Correct error messaeg displayed.
2026-02-07 20:24:32.690 INFO  [main] LoginPageTest.test002_invalidCredentials:69 - Checking title of current page to verify still present on login page.
2026-02-07 20:24:32.700 INFO  [main] ActionDriver.waitForPageLoad:59 - Page loaded successfully.
2026-02-07 20:24:32.708 INFO  [main] LoginPageTest.test002_invalidCredentials:71 - Successfully verified login page title.
2026-02-07 20:24:33.145 INFO  [main] BaseClass.tearDown:92 - WebDriver instance closed.
2026-02-07 20:24:33.151 INFO  [main] BaseClass.setup:30 - Setup for HomePageTest started.
2026-02-07 20:24:33.152 INFO  [main] BaseClass.setup:31 - Setting up webdriver for: HomePageTest
2026-02-07 20:25:03.191 INFO  [main] HomePageTest.setupPages:22 - HomePageTest constructor called.
2026-02-07 20:25:03.195 INFO  [main] ActionDriver.<init>:27 - Constructor of action driver class
2026-02-07 20:25:03.195 INFO  [main] ActionDriver.<init>:27 - Constructor of action driver class
2026-02-07 20:25:03.197 INFO  [main] HomePageTest.verifyOrangeHRMLogo:31 - TestCase001: verifyOrangeHRMLogo   
2026-02-07 20:25:03.198 INFO  [main] HomePageTest.verifyOrangeHRMLogo:32 - Performing login operation.
2026-02-07 20:25:03.199 INFO  [main] LoginPage.login:27 - Performing login operation
2026-02-07 20:25:07.136 INFO  [main] ActionDriver.enterText:87 - Entered text on Element with name: username: Admin
2026-02-07 20:25:07.302 INFO  [main] ActionDriver.enterText:87 - Entered text on Element with name: password: admin123
2026-02-07 20:25:07.435 INFO  [main] ActionDriver.click:73 - Clicked on: Element with text: Login
2026-02-07 20:25:07.435 INFO  [main] HomePageTest.verifyOrangeHRMLogo:36 - Checking if logo of OrangeHRM is displayed or not
2026-02-07 20:25:07.436 INFO  [main] HomePage.isLogoDisplayed:36 - Checking if OrangeHRM logo is displayed correctly.
2026-02-07 20:25:10.449 INFO  [main] ActionDriver.isDisplayed:125 - Displayed on DOM: Element with class name: oxd-brand-banner
2026-02-07 20:25:10.835 INFO  [main] BaseClass.tearDown:92 - WebDriver instance closed.
2026-02-07 20:37:55.357 INFO  [main] BaseClass.loadConfig:52 - config.properties loaded
2026-02-07 20:37:55.677 INFO  [main] BaseClass.setup:32 - Setup for LoginPageTest started.
2026-02-07 20:37:55.680 INFO  [main] BaseClass.setup:33 - Setting up webdriver for: LoginPageTest
2026-02-07 20:38:03.595 INFO  [main] LoginPageTest.setupPages:22 - Constructor for LoginPageTest called
2026-02-07 20:38:03.613 INFO  [main] ActionDriver.<init>:27 - Constructor of action driver class
2026-02-07 20:38:03.615 INFO  [main] ActionDriver.<init>:27 - Constructor of action driver class
2026-02-07 20:38:03.632 INFO  [main] LoginPageTest.test001_verfiyValidLogin:29 - TestCase002: Verify valid credentials login
2026-02-07 20:38:03.633 INFO  [main] LoginPageTest.test001_verfiyValidLogin:31 - Performing login action using valid credentials
2026-02-07 20:38:03.640 INFO  [main] LoginPage.login:27 - Performing login operation
2026-02-07 20:38:16.950 INFO  [main] ActionDriver.enterText:87 - Entered text on Element with name: username: Admin
2026-02-07 20:38:17.205 INFO  [main] ActionDriver.enterText:87 - Entered text on Element with name: password: admin123
2026-02-07 20:38:17.387 INFO  [main] ActionDriver.click:73 - Clicked on: Element with text: Login
2026-02-07 20:38:17.389 INFO  [main] LoginPageTest.test001_verfiyValidLogin:36 - Checking if admin tab is visible or not
2026-02-07 20:38:17.392 INFO  [main] HomePage.isAdminTabVisible:30 - Checking if admin tab is visible
2026-02-07 20:38:20.609 INFO  [main] ActionDriver.isDisplayed:125 - Displayed on DOM: Element with text: Admin
2026-02-07 20:38:20.646 INFO  [main] LoginPageTest.test001_verfiyValidLogin:39 - Admin tab is visible
2026-02-07 20:38:20.647 INFO  [main] LoginPageTest.test001_verfiyValidLogin:42 - Performing log out operation.
2026-02-07 20:38:20.650 INFO  [main] HomePage.logout:42 - Performing out opreation
2026-02-07 20:38:20.651 INFO  [main] HomePage.logout:43 - Clicking on logout button
2026-02-07 20:38:20.956 INFO  [main] ActionDriver.click:73 - Clicked on: Element with text: Teste nome teste sobrenome
2026-02-07 20:38:24.691 INFO  [main] ActionDriver.click:73 - Clicked on: Element with text: Logout
2026-02-07 20:38:24.701 INFO  [main] ActionDriver.waitForPageLoad:59 - Page loaded successfully.
2026-02-07 20:38:25.155 INFO  [main] BaseClass.tearDown:99 - WebDriver instance closed.
2026-02-07 20:38:25.163 INFO  [main] BaseClass.setup:32 - Setup for LoginPageTest started.
2026-02-07 20:38:25.166 INFO  [main] BaseClass.setup:33 - Setting up webdriver for: LoginPageTest
2026-02-07 20:38:41.204 INFO  [main] LoginPageTest.setupPages:22 - Constructor for LoginPageTest called
2026-02-07 20:38:41.204 INFO  [main] ActionDriver.<init>:27 - Constructor of action driver class
2026-02-07 20:38:41.205 INFO  [main] ActionDriver.<init>:27 - Constructor of action driver class
2026-02-07 20:38:41.209 INFO  [main] LoginPageTest.test002_invalidCredentials:52 - TestCase003: Verify login with invalid credentials.
2026-02-07 20:38:41.209 INFO  [main] LoginPageTest.test002_invalidCredentials:54 - Performing login operation with invalid credentials
2026-02-07 20:38:41.210 INFO  [main] LoginPage.login:27 - Performing login operation
2026-02-07 20:38:44.137 INFO  [main] ActionDriver.enterText:87 - Entered text on Element with name: username: admin
2026-02-07 20:38:44.365 INFO  [main] ActionDriver.enterText:87 - Entered text on Element with name: password: admin
2026-02-07 20:38:44.508 INFO  [main] ActionDriver.click:73 - Clicked on: Element with text: Login
2026-02-07 20:38:44.509 INFO  [main] LoginPageTest.test002_invalidCredentials:58 - Checking if the error message is displayed on login page.
2026-02-07 20:38:44.510 INFO  [main] LoginPage.isErrorMessageDisplayed:35 - Validating an error message is displayed or not.
2026-02-07 20:38:50.819 INFO  [main] ActionDriver.isDisplayed:125 - Displayed on DOM: Element with text: Invalid credentials
2026-02-07 20:38:50.841 INFO  [main] LoginPageTest.test002_invalidCredentials:60 - Error message displayed
2026-02-07 20:38:50.842 INFO  [main] LoginPageTest.test002_invalidCredentials:63 - Checking if correct error message is displayed on the screen.
2026-02-07 20:38:50.842 INFO  [main] LoginPage.getErrorMessageText:41 - Getting error message text
2026-02-07 20:38:50.893 INFO  [main] LoginPageTest.test002_invalidCredentials:65 - Correct error messaeg displayed.
2026-02-07 20:38:50.893 INFO  [main] LoginPageTest.test002_invalidCredentials:68 - Checking title of current page to verify still present on login page.
2026-02-07 20:38:50.906 INFO  [main] ActionDriver.waitForPageLoad:59 - Page loaded successfully.
2026-02-07 20:38:50.915 INFO  [main] LoginPageTest.test002_invalidCredentials:70 - Successfully verified login page title.
2026-02-07 20:38:51.422 INFO  [main] BaseClass.tearDown:99 - WebDriver instance closed.
2026-02-07 20:38:51.433 INFO  [main] BaseClass.setup:32 - Setup for HomePageTest started.
2026-02-07 20:38:51.434 INFO  [main] BaseClass.setup:33 - Setting up webdriver for: HomePageTest
2026-02-07 20:39:19.584 INFO  [main] HomePageTest.setupPages:22 - HomePageTest constructor called.
2026-02-07 20:39:19.586 INFO  [main] ActionDriver.<init>:27 - Constructor of action driver class
2026-02-07 20:39:19.587 INFO  [main] ActionDriver.<init>:27 - Constructor of action driver class
2026-02-07 20:39:19.590 INFO  [main] HomePageTest.verifyOrangeHRMLogo:30 - TestCase001: verifyOrangeHRMLogo   
2026-02-07 20:39:19.590 INFO  [main] HomePageTest.verifyOrangeHRMLogo:32 - Performing login operation.
2026-02-07 20:39:19.591 INFO  [main] LoginPage.login:27 - Performing login operation
2026-02-07 20:39:23.030 INFO  [main] ActionDriver.enterText:87 - Entered text on Element with name: username: Admin
2026-02-07 20:39:23.242 INFO  [main] ActionDriver.enterText:87 - Entered text on Element with name: password: admin123
2026-02-07 20:39:23.377 INFO  [main] ActionDriver.click:73 - Clicked on: Element with text: Login
2026-02-07 20:39:23.377 INFO  [main] HomePageTest.verifyOrangeHRMLogo:36 - Checking if logo of OrangeHRM is displayed or not
2026-02-07 20:39:23.378 INFO  [main] HomePage.isLogoDisplayed:36 - Checking if OrangeHRM logo is displayed correctly.
2026-02-07 20:39:31.714 INFO  [main] ActionDriver.isDisplayed:125 - Displayed on DOM: Element with class name: oxd-brand-banner
2026-02-07 20:39:32.159 INFO  [main] BaseClass.tearDown:99 - WebDriver instance closed.
2026-02-07 20:49:25.219 INFO  [main] BaseClass.loadConfig:52 - config.properties loaded
2026-02-07 20:49:25.519 INFO  [main] BaseClass.setup:32 - Setup for LoginPageTest started.
2026-02-07 20:49:25.520 INFO  [main] BaseClass.setup:33 - Setting up webdriver for: LoginPageTest
2026-02-07 20:50:00.568 INFO  [main] LoginPageTest.setupPages:22 - Constructor for LoginPageTest called
2026-02-07 20:50:00.577 INFO  [main] ActionDriver.<init>:27 - Constructor of action driver class
2026-02-07 20:50:00.580 INFO  [main] ActionDriver.<init>:27 - Constructor of action driver class
2026-02-07 20:50:00.591 INFO  [main] LoginPageTest.test001_verfiyValidLogin:29 - TestCase002: Verify valid credentials login
2026-02-07 20:50:00.592 INFO  [main] LoginPageTest.test001_verfiyValidLogin:31 - Performing login action using valid credentials
2026-02-07 20:50:00.597 INFO  [main] LoginPage.login:27 - Performing login operation
2026-02-07 20:50:04.898 ERROR [main] ExtentManager.takeScreenshot:108 - Exception while copying screenshot: The filename, directory name, or volume label syntax is incorrect
2026-02-07 20:50:04.928 ERROR [main] ExtentManager.attachScreenshotToReport:139 - Failed to attach screenshot to report: Illegal char <:> at index 107: E:\code_base\myCode\Java\java.selenium\src\test\resources\screenshots\test001_verfiyValidLogin2026-02-07_20:50:04.png
2026-02-07 20:50:04.930 INFO  [main] ActionDriver.enterText:89 - Entered text on Element with name: username: Admin
2026-02-07 20:50:05.349 ERROR [main] ExtentManager.takeScreenshot:108 - Exception while copying screenshot: The filename, directory name, or volume label syntax is incorrect
2026-02-07 20:50:05.350 ERROR [main] ExtentManager.attachScreenshotToReport:139 - Failed to attach screenshot to report: Illegal char <:> at index 107: E:\code_base\myCode\Java\java.selenium\src\test\resources\screenshots\test001_verfiyValidLogin2026-02-07_20:50:05.png
2026-02-07 20:50:05.351 INFO  [main] ActionDriver.enterText:89 - Entered text on Element with name: password: admin123
2026-02-07 20:50:05.603 ERROR [main] ExtentManager.takeScreenshot:108 - Exception while copying screenshot: The filename, directory name, or volume label syntax is incorrect
2026-02-07 20:50:05.603 ERROR [main] ExtentManager.attachScreenshotToReport:139 - Failed to attach screenshot to report: Illegal char <:> at index 107: E:\code_base\myCode\Java\java.selenium\src\test\resources\screenshots\test001_verfiyValidLogin2026-02-07_20:50:05.png
2026-02-07 20:50:08.491 INFO  [main] ActionDriver.click:74 - Clicked on: Element with text: Login
2026-02-07 20:50:08.492 INFO  [main] LoginPageTest.test001_verfiyValidLogin:36 - Checking if admin tab is visible or not
2026-02-07 20:50:08.492 INFO  [main] HomePage.isAdminTabVisible:30 - Checking if admin tab is visible
2026-02-07 20:50:09.458 INFO  [main] ActionDriver.isDisplayed:127 - Displayed on DOM: Element with text: Admin
2026-02-07 20:50:09.483 INFO  [main] LoginPageTest.test001_verfiyValidLogin:39 - Admin tab is visible
2026-02-07 20:50:09.484 INFO  [main] LoginPageTest.test001_verfiyValidLogin:42 - Performing log out operation.
2026-02-07 20:50:09.485 INFO  [main] HomePage.logout:42 - Performing out opreation
2026-02-07 20:50:09.485 INFO  [main] HomePage.logout:43 - Clicking on logout button
2026-02-07 20:50:09.898 ERROR [main] ExtentManager.takeScreenshot:108 - Exception while copying screenshot: The filename, directory name, or volume label syntax is incorrect
2026-02-07 20:50:09.898 ERROR [main] ExtentManager.attachScreenshotToReport:139 - Failed to attach screenshot to report: Illegal char <:> at index 107: E:\code_base\myCode\Java\java.selenium\src\test\resources\screenshots\test001_verfiyValidLogin2026-02-07_20:50:09.png
2026-02-07 20:50:09.987 INFO  [main] ActionDriver.click:74 - Clicked on: Element with text: Teste nome teste sobrenome
2026-02-07 20:50:10.432 ERROR [main] ExtentManager.takeScreenshot:108 - Exception while copying screenshot: The filename, directory name, or volume label syntax is incorrect
2026-02-07 20:50:10.434 ERROR [main] ExtentManager.attachScreenshotToReport:139 - Failed to attach screenshot to report: Illegal char <:> at index 107: E:\code_base\myCode\Java\java.selenium\src\test\resources\screenshots\test001_verfiyValidLogin2026-02-07_20:50:10.png
2026-02-07 20:50:12.068 INFO  [main] ActionDriver.click:74 - Clicked on: Element with text: Logout
2026-02-07 20:50:12.076 INFO  [main] ActionDriver.waitForPageLoad:59 - Page loaded successfully.
2026-02-07 20:50:12.572 INFO  [main] BaseClass.tearDown:99 - WebDriver instance closed.
2026-02-07 20:50:12.580 INFO  [main] BaseClass.setup:32 - Setup for LoginPageTest started.
2026-02-07 20:50:12.581 INFO  [main] BaseClass.setup:33 - Setting up webdriver for: LoginPageTest
2026-02-07 20:50:32.133 INFO  [main] LoginPageTest.setupPages:22 - Constructor for LoginPageTest called
2026-02-07 20:50:32.134 INFO  [main] ActionDriver.<init>:27 - Constructor of action driver class
2026-02-07 20:50:32.135 INFO  [main] ActionDriver.<init>:27 - Constructor of action driver class
2026-02-07 20:50:32.139 INFO  [main] LoginPageTest.test002_invalidCredentials:52 - TestCase003: Verify login with invalid credentials.
2026-02-07 20:50:32.141 INFO  [main] LoginPageTest.test002_invalidCredentials:54 - Performing login operation with invalid credentials
2026-02-07 20:50:32.141 INFO  [main] LoginPage.login:27 - Performing login operation
2026-02-07 20:50:34.359 ERROR [main] ExtentManager.takeScreenshot:108 - Exception while copying screenshot: The filename, directory name, or volume label syntax is incorrect
2026-02-07 20:50:34.360 ERROR [main] ExtentManager.attachScreenshotToReport:139 - Failed to attach screenshot to report: Illegal char <:> at index 109: E:\code_base\myCode\Java\java.selenium\src\test\resources\screenshots\test002_invalidCredentials2026-02-07_20:50:34.png
2026-02-07 20:50:34.360 INFO  [main] ActionDriver.enterText:89 - Entered text on Element with name: username: admin
2026-02-07 20:50:34.915 ERROR [main] ExtentManager.takeScreenshot:108 - Exception while copying screenshot: The filename, directory name, or volume label syntax is incorrect
2026-02-07 20:50:34.916 ERROR [main] ExtentManager.attachScreenshotToReport:139 - Failed to attach screenshot to report: Illegal char <:> at index 109: E:\code_base\myCode\Java\java.selenium\src\test\resources\screenshots\test002_invalidCredentials2026-02-07_20:50:34.png
2026-02-07 20:50:34.918 INFO  [main] ActionDriver.enterText:89 - Entered text on Element with name: password: admin
2026-02-07 20:50:35.281 ERROR [main] ExtentManager.takeScreenshot:108 - Exception while copying screenshot: The filename, directory name, or volume label syntax is incorrect
2026-02-07 20:50:35.283 ERROR [main] ExtentManager.attachScreenshotToReport:139 - Failed to attach screenshot to report: Illegal char <:> at index 109: E:\code_base\myCode\Java\java.selenium\src\test\resources\screenshots\test002_invalidCredentials2026-02-07_20:50:35.png
2026-02-07 20:50:35.371 INFO  [main] ActionDriver.click:74 - Clicked on: Element with text: Login
2026-02-07 20:50:35.372 INFO  [main] LoginPageTest.test002_invalidCredentials:58 - Checking if the error message is displayed on login page.
2026-02-07 20:50:35.373 INFO  [main] LoginPage.isErrorMessageDisplayed:35 - Validating an error message is displayed or not.
2026-02-07 20:50:37.896 INFO  [main] ActionDriver.isDisplayed:127 - Displayed on DOM: Element with text: Invalid credentials
2026-02-07 20:50:37.917 INFO  [main] LoginPageTest.test002_invalidCredentials:60 - Error message displayed
2026-02-07 20:50:37.918 INFO  [main] LoginPageTest.test002_invalidCredentials:63 - Checking if correct error message is displayed on the screen.
2026-02-07 20:50:37.918 INFO  [main] LoginPage.getErrorMessageText:41 - Getting error message text
2026-02-07 20:50:37.964 INFO  [main] LoginPageTest.test002_invalidCredentials:65 - Correct error messaeg displayed.
2026-02-07 20:50:37.965 INFO  [main] LoginPageTest.test002_invalidCredentials:68 - Checking title of current page to verify still present on login page.
2026-02-07 20:50:37.978 INFO  [main] ActionDriver.waitForPageLoad:59 - Page loaded successfully.
2026-02-07 20:50:37.987 INFO  [main] LoginPageTest.test002_invalidCredentials:70 - Successfully verified login page title.
2026-02-07 20:50:38.400 INFO  [main] BaseClass.tearDown:99 - WebDriver instance closed.
2026-02-07 20:50:38.452 INFO  [main] BaseClass.setup:32 - Setup for LoginPageTest started.
2026-02-07 20:50:38.452 INFO  [main] BaseClass.setup:33 - Setting up webdriver for: LoginPageTest
2026-02-07 20:50:58.067 INFO  [main] LoginPageTest.setupPages:22 - Constructor for LoginPageTest called
2026-02-07 20:50:58.068 INFO  [main] ActionDriver.<init>:27 - Constructor of action driver class
2026-02-07 20:50:58.070 INFO  [main] ActionDriver.<init>:27 - Constructor of action driver class
2026-02-07 20:50:58.075 INFO  [main] LoginPageTest.test001_verfiyValidLogin:29 - TestCase002: Verify valid credentials login
2026-02-07 20:50:58.075 INFO  [main] LoginPageTest.test001_verfiyValidLogin:31 - Performing login action using valid credentials
2026-02-07 20:50:58.076 INFO  [main] LoginPage.login:27 - Performing login operation
2026-02-07 20:50:59.715 ERROR [main] ExtentManager.takeScreenshot:108 - Exception while copying screenshot: The filename, directory name, or volume label syntax is incorrect
2026-02-07 20:50:59.715 ERROR [main] ExtentManager.attachScreenshotToReport:139 - Failed to attach screenshot to report: Illegal char <:> at index 107: E:\code_base\myCode\Java\java.selenium\src\test\resources\screenshots\test001_verfiyValidLogin2026-02-07_20:50:59.png
2026-02-07 20:50:59.716 INFO  [main] ActionDriver.enterText:89 - Entered text on Element with name: username: Admin
2026-02-07 20:51:00.083 ERROR [main] ExtentManager.takeScreenshot:108 - Exception while copying screenshot: The filename, directory name, or volume label syntax is incorrect
2026-02-07 20:51:00.086 ERROR [main] ExtentManager.attachScreenshotToReport:139 - Failed to attach screenshot to report: Illegal char <:> at index 107: E:\code_base\myCode\Java\java.selenium\src\test\resources\screenshots\test001_verfiyValidLogin2026-02-07_20:51:00.png
2026-02-07 20:51:00.087 INFO  [main] ActionDriver.enterText:89 - Entered text on Element with name: password: admin123
2026-02-07 20:51:00.303 ERROR [main] ExtentManager.takeScreenshot:108 - Exception while copying screenshot: The filename, directory name, or volume label syntax is incorrect
2026-02-07 20:51:00.304 ERROR [main] ExtentManager.attachScreenshotToReport:139 - Failed to attach screenshot to report: Illegal char <:> at index 107: E:\code_base\myCode\Java\java.selenium\src\test\resources\screenshots\test001_verfiyValidLogin2026-02-07_20:51:00.png
2026-02-07 20:51:00.382 INFO  [main] ActionDriver.click:74 - Clicked on: Element with text: Login
2026-02-07 20:51:00.385 INFO  [main] LoginPageTest.test001_verfiyValidLogin:36 - Checking if admin tab is visible or not
2026-02-07 20:51:00.386 INFO  [main] HomePage.isAdminTabVisible:30 - Checking if admin tab is visible
2026-02-07 20:51:04.186 INFO  [main] ActionDriver.isDisplayed:127 - Displayed on DOM: Element with text: Admin
2026-02-07 20:51:04.211 INFO  [main] LoginPageTest.test001_verfiyValidLogin:39 - Admin tab is visible
2026-02-07 20:51:04.211 INFO  [main] LoginPageTest.test001_verfiyValidLogin:42 - Performing log out operation.
2026-02-07 20:51:04.211 INFO  [main] HomePage.logout:42 - Performing out opreation
2026-02-07 20:51:04.211 INFO  [main] HomePage.logout:43 - Clicking on logout button
2026-02-07 20:51:04.850 ERROR [main] ExtentManager.takeScreenshot:108 - Exception while copying screenshot: The filename, directory name, or volume label syntax is incorrect
2026-02-07 20:51:04.851 ERROR [main] ExtentManager.attachScreenshotToReport:139 - Failed to attach screenshot to report: Illegal char <:> at index 107: E:\code_base\myCode\Java\java.selenium\src\test\resources\screenshots\test001_verfiyValidLogin2026-02-07_20:51:04.png
2026-02-07 20:51:04.946 INFO  [main] ActionDriver.click:74 - Clicked on: Element with text: Teste nome teste sobrenome
2026-02-07 20:51:06.655 ERROR [main] ExtentManager.takeScreenshot:108 - Exception while copying screenshot: The filename, directory name, or volume label syntax is incorrect
2026-02-07 20:51:06.656 ERROR [main] ExtentManager.attachScreenshotToReport:139 - Failed to attach screenshot to report: Illegal char <:> at index 107: E:\code_base\myCode\Java\java.selenium\src\test\resources\screenshots\test001_verfiyValidLogin2026-02-07_20:51:06.png
2026-02-07 20:51:08.061 INFO  [main] ActionDriver.click:74 - Clicked on: Element with text: Logout
2026-02-07 20:51:08.071 INFO  [main] ActionDriver.waitForPageLoad:59 - Page loaded successfully.
2026-02-07 20:51:08.629 INFO  [main] BaseClass.tearDown:99 - WebDriver instance closed.
2026-02-07 20:51:08.630 INFO  [main] BaseClass.setup:32 - Setup for LoginPageTest started.
2026-02-07 20:51:08.631 INFO  [main] BaseClass.setup:33 - Setting up webdriver for: LoginPageTest
2026-02-07 20:51:33.774 INFO  [main] LoginPageTest.setupPages:22 - Constructor for LoginPageTest called
2026-02-07 20:51:33.775 INFO  [main] ActionDriver.<init>:27 - Constructor of action driver class
2026-02-07 20:51:33.775 INFO  [main] ActionDriver.<init>:27 - Constructor of action driver class
2026-02-07 20:51:33.780 INFO  [main] LoginPageTest.test002_invalidCredentials:52 - TestCase003: Verify login with invalid credentials.
2026-02-07 20:51:33.780 INFO  [main] LoginPageTest.test002_invalidCredentials:54 - Performing login operation with invalid credentials
2026-02-07 20:51:33.781 INFO  [main] LoginPage.login:27 - Performing login operation
2026-02-07 20:51:36.739 ERROR [main] ExtentManager.takeScreenshot:108 - Exception while copying screenshot: The filename, directory name, or volume label syntax is incorrect
2026-02-07 20:51:36.740 ERROR [main] ExtentManager.attachScreenshotToReport:139 - Failed to attach screenshot to report: Illegal char <:> at index 109: E:\code_base\myCode\Java\java.selenium\src\test\resources\screenshots\test002_invalidCredentials2026-02-07_20:51:36.png
2026-02-07 20:51:36.743 INFO  [main] ActionDriver.enterText:89 - Entered text on Element with name: username: admin
2026-02-07 20:51:37.101 ERROR [main] ExtentManager.takeScreenshot:108 - Exception while copying screenshot: The filename, directory name, or volume label syntax is incorrect
2026-02-07 20:51:37.103 ERROR [main] ExtentManager.attachScreenshotToReport:139 - Failed to attach screenshot to report: Illegal char <:> at index 109: E:\code_base\myCode\Java\java.selenium\src\test\resources\screenshots\test002_invalidCredentials2026-02-07_20:51:37.png
2026-02-07 20:51:37.104 INFO  [main] ActionDriver.enterText:89 - Entered text on Element with name: password: admin
2026-02-07 20:51:37.417 ERROR [main] ExtentManager.takeScreenshot:108 - Exception while copying screenshot: The filename, directory name, or volume label syntax is incorrect
2026-02-07 20:51:37.418 ERROR [main] ExtentManager.attachScreenshotToReport:139 - Failed to attach screenshot to report: Illegal char <:> at index 109: E:\code_base\myCode\Java\java.selenium\src\test\resources\screenshots\test002_invalidCredentials2026-02-07_20:51:37.png
2026-02-07 20:51:39.244 INFO  [main] ActionDriver.click:74 - Clicked on: Element with text: Login
2026-02-07 20:51:39.246 INFO  [main] LoginPageTest.test002_invalidCredentials:58 - Checking if the error message is displayed on login page.
2026-02-07 20:51:39.246 INFO  [main] LoginPage.isErrorMessageDisplayed:35 - Validating an error message is displayed or not.
2026-02-07 20:51:39.770 INFO  [main] ActionDriver.isDisplayed:127 - Displayed on DOM: Element with text: Invalid credentials
2026-02-07 20:51:39.796 INFO  [main] LoginPageTest.test002_invalidCredentials:60 - Error message displayed
2026-02-07 20:51:39.797 INFO  [main] LoginPageTest.test002_invalidCredentials:63 - Checking if correct error message is displayed on the screen.
2026-02-07 20:51:39.797 INFO  [main] LoginPage.getErrorMessageText:41 - Getting error message text
2026-02-07 20:51:39.831 INFO  [main] LoginPageTest.test002_invalidCredentials:65 - Correct error messaeg displayed.
2026-02-07 20:51:39.831 INFO  [main] LoginPageTest.test002_invalidCredentials:68 - Checking title of current page to verify still present on login page.
2026-02-07 20:51:39.849 INFO  [main] ActionDriver.waitForPageLoad:59 - Page loaded successfully.
2026-02-07 20:51:39.855 INFO  [main] LoginPageTest.test002_invalidCredentials:70 - Successfully verified login page title.
2026-02-07 20:51:40.568 INFO  [main] BaseClass.tearDown:99 - WebDriver instance closed.
2026-02-07 20:51:40.571 INFO  [main] BaseClass.setup:32 - Setup for HomePageTest started.
2026-02-07 20:51:40.571 INFO  [main] BaseClass.setup:33 - Setting up webdriver for: HomePageTest
2026-02-07 20:51:49.871 INFO  [main] HomePageTest.setupPages:22 - HomePageTest constructor called.
2026-02-07 20:51:49.872 INFO  [main] ActionDriver.<init>:27 - Constructor of action driver class
2026-02-07 20:51:49.872 INFO  [main] ActionDriver.<init>:27 - Constructor of action driver class
2026-02-07 20:51:49.878 INFO  [main] HomePageTest.verifyOrangeHRMLogo:30 - TestCase001: verifyOrangeHRMLogo   
2026-02-07 20:51:49.880 INFO  [main] HomePageTest.verifyOrangeHRMLogo:32 - Performing login operation.
2026-02-07 20:51:49.881 INFO  [main] LoginPage.login:27 - Performing login operation
2026-02-07 20:51:52.185 ERROR [main] ExtentManager.takeScreenshot:108 - Exception while copying screenshot: The filename, directory name, or volume label syntax is incorrect
2026-02-07 20:51:52.186 ERROR [main] ExtentManager.attachScreenshotToReport:139 - Failed to attach screenshot to report: Illegal char <:> at index 102: E:\code_base\myCode\Java\java.selenium\src\test\resources\screenshots\verifyOrangeHRMLogo2026-02-07_20:51:52.png
2026-02-07 20:51:52.186 INFO  [main] ActionDriver.enterText:89 - Entered text on Element with name: username: Admin
2026-02-07 20:51:52.549 ERROR [main] ExtentManager.takeScreenshot:108 - Exception while copying screenshot: The filename, directory name, or volume label syntax is incorrect
2026-02-07 20:51:52.551 ERROR [main] ExtentManager.attachScreenshotToReport:139 - Failed to attach screenshot to report: Illegal char <:> at index 102: E:\code_base\myCode\Java\java.selenium\src\test\resources\screenshots\verifyOrangeHRMLogo2026-02-07_20:51:52.png
2026-02-07 20:51:52.552 INFO  [main] ActionDriver.enterText:89 - Entered text on Element with name: password: admin123
2026-02-07 20:51:52.786 ERROR [main] ExtentManager.takeScreenshot:108 - Exception while copying screenshot: The filename, directory name, or volume label syntax is incorrect
2026-02-07 20:51:52.787 ERROR [main] ExtentManager.attachScreenshotToReport:139 - Failed to attach screenshot to report: Illegal char <:> at index 102: E:\code_base\myCode\Java\java.selenium\src\test\resources\screenshots\verifyOrangeHRMLogo2026-02-07_20:51:52.png
2026-02-07 20:51:52.871 INFO  [main] ActionDriver.click:74 - Clicked on: Element with text: Login
2026-02-07 20:51:52.872 INFO  [main] HomePageTest.verifyOrangeHRMLogo:36 - Checking if logo of OrangeHRM is displayed or not
2026-02-07 20:51:52.874 INFO  [main] HomePage.isLogoDisplayed:36 - Checking if OrangeHRM logo is displayed correctly.
2026-02-07 20:51:55.263 INFO  [main] BaseClass.tearDown:99 - WebDriver instance closed.
2026-02-07 20:52:06.029 INFO  [main] BaseClass.loadConfig:52 - config.properties loaded
2026-02-07 20:52:06.299 INFO  [main] BaseClass.setup:32 - Setup for LoginPageTest started.
2026-02-07 20:52:06.302 INFO  [main] BaseClass.setup:33 - Setting up webdriver for: LoginPageTest
2026-02-07 20:52:26.646 INFO  [main] LoginPageTest.setupPages:22 - Constructor for LoginPageTest called
2026-02-07 20:52:26.653 INFO  [main] ActionDriver.<init>:27 - Constructor of action driver class
2026-02-07 20:52:26.654 INFO  [main] ActionDriver.<init>:27 - Constructor of action driver class
2026-02-07 20:52:26.664 INFO  [main] LoginPageTest.test001_verfiyValidLogin:29 - TestCase002: Verify valid credentials login
2026-02-07 20:52:26.664 INFO  [main] LoginPageTest.test001_verfiyValidLogin:31 - Performing login action using valid credentials
2026-02-07 20:52:26.669 INFO  [main] LoginPage.login:27 - Performing login operation
2026-02-07 20:52:28.673 INFO  [main] ActionDriver.enterText:89 - Entered text on Element with name: username: Admin
2026-02-07 20:52:29.090 INFO  [main] ActionDriver.enterText:89 - Entered text on Element with name: password: admin123
2026-02-07 20:52:31.105 INFO  [main] ActionDriver.click:74 - Clicked on: Element with text: Login
2026-02-07 20:52:31.106 INFO  [main] LoginPageTest.test001_verfiyValidLogin:36 - Checking if admin tab is visible or not
2026-02-07 20:52:31.107 INFO  [main] HomePage.isAdminTabVisible:30 - Checking if admin tab is visible
2026-02-07 20:52:31.846 INFO  [main] ActionDriver.isDisplayed:127 - Displayed on DOM: Element with text: Admin
2026-02-07 20:52:31.872 INFO  [main] LoginPageTest.test001_verfiyValidLogin:39 - Admin tab is visible
2026-02-07 20:52:31.873 INFO  [main] LoginPageTest.test001_verfiyValidLogin:42 - Performing log out operation.
2026-02-07 20:52:31.873 INFO  [main] HomePage.logout:42 - Performing out opreation
2026-02-07 20:52:31.873 INFO  [main] HomePage.logout:43 - Clicking on logout button
2026-02-07 20:52:33.426 INFO  [main] ActionDriver.click:74 - Clicked on: Element with text: Teste nome teste sobrenome
2026-02-07 20:52:35.573 INFO  [main] ActionDriver.click:74 - Clicked on: Element with class name: oxd-userdropdown-link
2026-02-07 20:52:35.587 INFO  [main] ActionDriver.waitForPageLoad:59 - Page loaded successfully.
2026-02-07 20:52:37.564 INFO  [main] BaseClass.tearDown:99 - WebDriver instance closed.
2026-02-07 20:52:37.566 INFO  [main] BaseClass.setup:32 - Setup for LoginPageTest started.
2026-02-07 20:52:37.567 INFO  [main] BaseClass.setup:33 - Setting up webdriver for: LoginPageTest
2026-02-07 20:52:57.059 INFO  [main] LoginPageTest.setupPages:22 - Constructor for LoginPageTest called
2026-02-07 20:52:57.060 INFO  [main] ActionDriver.<init>:27 - Constructor of action driver class
2026-02-07 20:52:57.062 INFO  [main] ActionDriver.<init>:27 - Constructor of action driver class
2026-02-07 20:52:57.068 INFO  [main] LoginPageTest.test002_invalidCredentials:52 - TestCase003: Verify login with invalid credentials.
2026-02-07 20:52:57.069 INFO  [main] LoginPageTest.test002_invalidCredentials:54 - Performing login operation with invalid credentials
2026-02-07 20:52:57.069 INFO  [main] LoginPage.login:27 - Performing login operation
2026-02-07 20:52:59.441 INFO  [main] ActionDriver.enterText:89 - Entered text on Element with name: username: admin
2026-02-07 20:52:59.785 INFO  [main] ActionDriver.enterText:89 - Entered text on Element with name: password: admin
2026-02-07 20:53:00.098 INFO  [main] ActionDriver.click:74 - Clicked on: Element with text: Login
2026-02-07 20:53:00.102 INFO  [main] LoginPageTest.test002_invalidCredentials:58 - Checking if the error message is displayed on login page.
2026-02-07 20:53:00.107 INFO  [main] LoginPage.isErrorMessageDisplayed:35 - Validating an error message is displayed or not.
2026-02-07 20:53:02.396 INFO  [main] ActionDriver.isDisplayed:127 - Displayed on DOM: Element with text: Invalid credentials
2026-02-07 20:53:02.416 INFO  [main] LoginPageTest.test002_invalidCredentials:60 - Error message displayed
2026-02-07 20:53:02.417 INFO  [main] LoginPageTest.test002_invalidCredentials:63 - Checking if correct error message is displayed on the screen.
2026-02-07 20:53:02.417 INFO  [main] LoginPage.getErrorMessageText:41 - Getting error message text
2026-02-07 20:53:02.454 INFO  [main] LoginPageTest.test002_invalidCredentials:65 - Correct error messaeg displayed.
2026-02-07 20:53:02.454 INFO  [main] LoginPageTest.test002_invalidCredentials:68 - Checking title of current page to verify still present on login page.
2026-02-07 20:53:02.462 INFO  [main] ActionDriver.waitForPageLoad:59 - Page loaded successfully.
2026-02-07 20:53:02.469 INFO  [main] LoginPageTest.test002_invalidCredentials:70 - Successfully verified login page title.
2026-02-07 20:53:02.828 INFO  [main] BaseClass.tearDown:99 - WebDriver instance closed.
2026-02-07 20:53:02.892 INFO  [main] BaseClass.setup:32 - Setup for LoginPageTest started.
2026-02-07 20:53:02.893 INFO  [main] BaseClass.setup:33 - Setting up webdriver for: LoginPageTest
2026-02-07 20:53:12.853 INFO  [main] LoginPageTest.setupPages:22 - Constructor for LoginPageTest called
2026-02-07 20:53:12.853 INFO  [main] ActionDriver.<init>:27 - Constructor of action driver class
2026-02-07 20:53:12.854 INFO  [main] ActionDriver.<init>:27 - Constructor of action driver class
2026-02-07 20:53:12.859 INFO  [main] LoginPageTest.test001_verfiyValidLogin:29 - TestCase002: Verify valid credentials login
2026-02-07 20:53:12.859 INFO  [main] LoginPageTest.test001_verfiyValidLogin:31 - Performing login action using valid credentials
2026-02-07 20:53:12.860 INFO  [main] LoginPage.login:27 - Performing login operation
2026-02-07 20:53:13.977 INFO  [main] ActionDriver.enterText:89 - Entered text on Element with name: username: Admin
2026-02-07 20:53:14.350 INFO  [main] ActionDriver.enterText:89 - Entered text on Element with name: password: admin123
2026-02-07 20:53:14.677 INFO  [main] ActionDriver.click:74 - Clicked on: Element with text: Login
2026-02-07 20:53:14.678 INFO  [main] LoginPageTest.test001_verfiyValidLogin:36 - Checking if admin tab is visible or not
2026-02-07 20:53:14.679 INFO  [main] HomePage.isAdminTabVisible:30 - Checking if admin tab is visible
2026-02-07 20:53:18.094 INFO  [main] ActionDriver.isDisplayed:127 - Displayed on DOM: Element with text: Admin
2026-02-07 20:53:18.122 INFO  [main] LoginPageTest.test001_verfiyValidLogin:39 - Admin tab is visible
2026-02-07 20:53:18.123 INFO  [main] LoginPageTest.test001_verfiyValidLogin:42 - Performing log out operation.
2026-02-07 20:53:18.123 INFO  [main] HomePage.logout:42 - Performing out opreation
2026-02-07 20:53:18.124 INFO  [main] HomePage.logout:43 - Clicking on logout button
2026-02-07 20:53:18.787 INFO  [main] ActionDriver.click:74 - Clicked on: Element with text: Teste nome teste sobrenome
2026-02-07 20:53:21.255 INFO  [main] ActionDriver.click:74 - Clicked on: Element with class name: oxd-userdropdown-link
2026-02-07 20:53:21.265 INFO  [main] ActionDriver.waitForPageLoad:59 - Page loaded successfully.
2026-02-07 20:53:21.988 INFO  [main] BaseClass.tearDown:99 - WebDriver instance closed.
2026-02-07 20:53:21.990 INFO  [main] BaseClass.setup:32 - Setup for LoginPageTest started.
2026-02-07 20:53:21.990 INFO  [main] BaseClass.setup:33 - Setting up webdriver for: LoginPageTest
2026-02-07 20:53:33.239 INFO  [main] LoginPageTest.setupPages:22 - Constructor for LoginPageTest called
2026-02-07 20:53:33.241 INFO  [main] ActionDriver.<init>:27 - Constructor of action driver class
2026-02-07 20:53:33.242 INFO  [main] ActionDriver.<init>:27 - Constructor of action driver class
2026-02-07 20:53:33.245 INFO  [main] LoginPageTest.test002_invalidCredentials:52 - TestCase003: Verify login with invalid credentials.
2026-02-07 20:53:33.246 INFO  [main] LoginPageTest.test002_invalidCredentials:54 - Performing login operation with invalid credentials
2026-02-07 20:53:33.246 INFO  [main] LoginPage.login:27 - Performing login operation
2026-02-07 20:53:34.843 INFO  [main] ActionDriver.enterText:89 - Entered text on Element with name: username: admin
2026-02-07 20:53:35.301 INFO  [main] ActionDriver.enterText:89 - Entered text on Element with name: password: admin
2026-02-07 20:53:35.691 INFO  [main] ActionDriver.click:74 - Clicked on: Element with text: Login
2026-02-07 20:53:35.692 INFO  [main] LoginPageTest.test002_invalidCredentials:58 - Checking if the error message is displayed on login page.
2026-02-07 20:53:35.693 INFO  [main] LoginPage.isErrorMessageDisplayed:35 - Validating an error message is displayed or not.
2026-02-07 20:53:38.216 INFO  [main] ActionDriver.isDisplayed:127 - Displayed on DOM: Element with text: Invalid credentials
2026-02-07 20:53:38.245 INFO  [main] LoginPageTest.test002_invalidCredentials:60 - Error message displayed
2026-02-07 20:53:38.245 INFO  [main] LoginPageTest.test002_invalidCredentials:63 - Checking if correct error message is displayed on the screen.
2026-02-07 20:53:38.245 INFO  [main] LoginPage.getErrorMessageText:41 - Getting error message text
2026-02-07 20:53:38.288 INFO  [main] LoginPageTest.test002_invalidCredentials:65 - Correct error messaeg displayed.
2026-02-07 20:53:38.288 INFO  [main] LoginPageTest.test002_invalidCredentials:68 - Checking title of current page to verify still present on login page.
2026-02-07 20:53:38.296 INFO  [main] ActionDriver.waitForPageLoad:59 - Page loaded successfully.
2026-02-07 20:53:38.304 INFO  [main] LoginPageTest.test002_invalidCredentials:70 - Successfully verified login page title.
2026-02-07 20:53:38.878 INFO  [main] BaseClass.tearDown:99 - WebDriver instance closed.
2026-02-07 20:53:38.881 INFO  [main] BaseClass.setup:32 - Setup for HomePageTest started.
2026-02-07 20:53:38.881 INFO  [main] BaseClass.setup:33 - Setting up webdriver for: HomePageTest
2026-02-07 20:53:54.953 INFO  [main] HomePageTest.setupPages:22 - HomePageTest constructor called.
2026-02-07 20:53:54.954 INFO  [main] ActionDriver.<init>:27 - Constructor of action driver class
2026-02-07 20:53:54.955 INFO  [main] ActionDriver.<init>:27 - Constructor of action driver class
2026-02-07 20:53:54.957 INFO  [main] HomePageTest.verifyOrangeHRMLogo:30 - TestCase001: verifyOrangeHRMLogo   
2026-02-07 20:53:54.958 INFO  [main] HomePageTest.verifyOrangeHRMLogo:32 - Performing login operation.
2026-02-07 20:53:54.958 INFO  [main] LoginPage.login:27 - Performing login operation
2026-02-07 20:53:57.332 INFO  [main] ActionDriver.enterText:89 - Entered text on Element with name: username: Admin
2026-02-07 20:53:57.681 INFO  [main] ActionDriver.enterText:89 - Entered text on Element with name: password: admin123
2026-02-07 20:53:57.970 INFO  [main] ActionDriver.click:74 - Clicked on: Element with text: Login
2026-02-07 20:53:57.970 INFO  [main] HomePageTest.verifyOrangeHRMLogo:36 - Checking if logo of OrangeHRM is displayed or not
2026-02-07 20:53:57.972 INFO  [main] HomePage.isLogoDisplayed:36 - Checking if OrangeHRM logo is displayed correctly.
2026-02-07 20:54:01.953 INFO  [main] ActionDriver.isDisplayed:127 - Displayed on DOM: Element with class name: oxd-brand-banner
2026-02-07 20:54:02.409 INFO  [main] BaseClass.tearDown:99 - WebDriver instance closed.
